[0m18:44:42.062559 [debug] [MainThread]: Sending event: {'category': 'dbt', 'action': 'invocation', 'label': 'start', 'context': [<snowplow_tracker.self_describing_json.SelfDescribingJson object at 0x0000016E92A337A0>, <snowplow_tracker.self_describing_json.SelfDescribingJson object at 0x0000016E8FA51790>, <snowplow_tracker.self_describing_json.SelfDescribingJson object at 0x0000016E8FA14C80>]}


============================== 18:44:42.100117 | 3743c6e2-0b12-4ec9-b345-18d10771e345 ==============================
[0m18:44:42.100117 [info ] [MainThread]: Running with dbt=1.8.6
[0m18:44:42.105114 [debug] [MainThread]: running dbt with arguments {'printer_width': '80', 'indirect_selection': 'eager', 'write_json': 'True', 'log_cache_events': 'False', 'partial_parse': 'True', 'cache_selected_only': 'False', 'profiles_dir': 'C:\\Users\\vinic\\.dbt', 'version_check': 'True', 'warn_error': 'None', 'log_path': 'logs', 'debug': 'False', 'fail_fast': 'False', 'use_colors': 'True', 'use_experimental_parser': 'False', 'empty': 'None', 'quiet': 'False', 'no_print': 'None', 'log_format': 'default', 'invocation_command': 'dbt init datawarehouse', 'static_parser': 'True', 'introspect': 'True', 'target_path': 'None', 'warn_error_options': 'WarnErrorOptions(include=[], exclude=[])', 'send_anonymous_usage_stats': 'True'}
[0m18:44:42.229277 [warn ] [MainThread]: [ConfigFolderDirectory]: Unable to parse dict {'dir': WindowsPath('C:/Users/vinic/.dbt')}
[0m18:44:42.236290 [info ] [MainThread]: Creating dbt configuration folder at 
[0m18:44:42.251277 [debug] [MainThread]: Starter project path: C:\Users\vinic\Documents\Data\Jornada de Dados\Pipeline Gen AI 2\.venv\Lib\site-packages\dbt\include\starter_project
[0m18:44:42.357718 [info ] [MainThread]: 
Your new dbt project "datawarehouse" was created!

For more information on how to configure the profiles.yml file,
please consult the dbt documentation here:

  https://docs.getdbt.com/docs/configure-your-profile

One more thing:

Need help? Don't hesitate to reach out to us via GitHub issues or on Slack:

  https://community.getdbt.com/

Happy modeling!

[0m18:44:42.367741 [info ] [MainThread]: Setting up your profile.
[0m18:58:21.085774 [info ] [MainThread]: Profile datawarehouse written to C:\Users\vinic\.dbt\profiles.yml using target's profile_template.yml and your supplied values. Run 'dbt debug' to validate the connection.
[0m18:58:21.092775 [debug] [MainThread]: Command `dbt init` succeeded at 18:58:21.092775 after 819.57 seconds
[0m18:58:21.094777 [debug] [MainThread]: Sending event: {'category': 'dbt', 'action': 'invocation', 'label': 'end', 'context': [<snowplow_tracker.self_describing_json.SelfDescribingJson object at 0x0000016E92A337A0>, <snowplow_tracker.self_describing_json.SelfDescribingJson object at 0x0000016E93258D10>, <snowplow_tracker.self_describing_json.SelfDescribingJson object at 0x0000016E92C08C80>]}
[0m18:58:21.098776 [debug] [MainThread]: Flushing usage events
[0m02:07:58.932093 [debug] [MainThread]: Sending event: {'category': 'dbt', 'action': 'invocation', 'label': 'start', 'context': [<snowplow_tracker.self_describing_json.SelfDescribingJson object at 0x00000170D9607470>, <snowplow_tracker.self_describing_json.SelfDescribingJson object at 0x00000170D9606DB0>, <snowplow_tracker.self_describing_json.SelfDescribingJson object at 0x00000170D7C286B0>]}


============================== 02:07:58.951088 | fb66d9de-1a24-4783-98a0-9a041b9b3462 ==============================
[0m02:07:58.951088 [info ] [MainThread]: Running with dbt=1.8.6
[0m02:07:58.954094 [debug] [MainThread]: running dbt with arguments {'printer_width': '80', 'indirect_selection': 'eager', 'log_cache_events': 'False', 'write_json': 'True', 'partial_parse': 'True', 'cache_selected_only': 'False', 'warn_error': 'None', 'fail_fast': 'False', 'profiles_dir': 'C:\\Users\\vinic\\.dbt', 'log_path': 'logs', 'debug': 'False', 'version_check': 'True', 'use_colors': 'True', 'use_experimental_parser': 'False', 'empty': 'False', 'quiet': 'False', 'no_print': 'None', 'warn_error_options': 'WarnErrorOptions(include=[], exclude=[])', 'static_parser': 'True', 'log_format': 'default', 'introspect': 'True', 'target_path': 'None', 'invocation_command': 'dbt run', 'send_anonymous_usage_stats': 'True'}
[0m02:07:58.956093 [error] [MainThread]: Encountered an error:
Runtime Error
  No dbt_project.yml found at expected path C:\Users\vinic\Documents\Data\Jornada de Dados\Pipeline Gen AI 2\dbt_project.yml
  Verify that each entry within packages.yml (and their transitive dependencies) contains a file named dbt_project.yml
  
[0m02:07:58.964092 [debug] [MainThread]: Command `dbt run` failed at 02:07:58.963091 after 1.02 seconds
[0m02:07:58.966091 [debug] [MainThread]: Sending event: {'category': 'dbt', 'action': 'invocation', 'label': 'end', 'context': [<snowplow_tracker.self_describing_json.SelfDescribingJson object at 0x00000170D94D3980>, <snowplow_tracker.self_describing_json.SelfDescribingJson object at 0x00000170D94D1730>, <snowplow_tracker.self_describing_json.SelfDescribingJson object at 0x00000170D9DB9BE0>]}
[0m02:07:58.968089 [debug] [MainThread]: Flushing usage events
